<?xml version="1.0" encoding="UTF-8"?>
<!-- Generated by org.testng.reporters.JUnitReportReporter -->
<testsuite skipped="0" hostname="ATMECSINLT-547" name="com.atmecs.falcon_web.demoblaze.testscript.NsmContactUsTest" tests="1" failures="0" timestamp="31 Jul 2020 15:57:17 GMT" time="8.666" errors="0">
  <testcase name="contactUsTest" time="8.666" classname="com.atmecs.falcon_web.demoblaze.testscript.NsmContactUsTest"/>
</testsuite> <!-- com.atmecs.falcon_web.demoblaze.testscript.NsmContactUsTest -->
