<?xml version="1.0" encoding="UTF-8"?>
<!-- Generated by org.testng.reporters.JUnitReportReporter -->
<testsuite skipped="0" hostname="ATMECSINLT-547" name="com.atmecs.falcon_web.demoblaze.testscript.AtmecsContactUsTest" tests="1" failures="0" timestamp="04 Aug 2020 14:07:30 GMT" time="19.251" errors="0">
  <testcase name="contactUsTest" time="19.251" classname="com.atmecs.falcon_web.demoblaze.testscript.AtmecsContactUsTest"/>
</testsuite> <!-- com.atmecs.falcon_web.demoblaze.testscript.AtmecsContactUsTest -->
