<?xml version="1.0" encoding="UTF-8"?>
<!-- Generated by org.testng.reporters.JUnitReportReporter -->
<testsuite skipped="0" hostname="ATMECSINLT-405" name="com.atmecs.falcon.demoblaze.testscript.LoginPage" tests="1" failures="0" timestamp="26 Nov 2020 06:16:39 GMT" time="11.474" errors="0">
  <testcase name="loginPageTest" time="11.474" classname="com.atmecs.falcon.demoblaze.testscript.LoginPage"/>
</testsuite> <!-- com.atmecs.falcon.demoblaze.testscript.LoginPage -->
