<?xml version="1.0" encoding="UTF-8"?>
<!-- Generated by org.testng.reporters.JUnitReportReporter -->
<testsuite skipped="0" hostname="ATMECSINLT-547" name="com.atmecs.falcon.demoblaze.testscript.SampleTestScript" tests="1" failures="0" timestamp="04 Aug 2020 14:07:30 GMT" time="17.813" errors="0">
  <testcase name="sampleTest" time="17.813" classname="com.atmecs.falcon.demoblaze.testscript.SampleTestScript"/>
</testsuite> <!-- com.atmecs.falcon.demoblaze.testscript.SampleTestScript -->
