<?xml version="1.0" encoding="UTF-8"?>
<!-- Generated by org.testng.reporters.JUnitReportReporter -->
<testsuite skipped="0" hostname="ATMECSINLT-547" name="com.atmecs.falcon_web.demoblaze.testscript.NsmAnchorTest" tests="1" failures="0" timestamp="29 Jul 2020 06:06:42 GMT" time="7.038" errors="0">
  <testcase name="exploreTest" time="7.038" classname="com.atmecs.falcon_web.demoblaze.testscript.NsmAnchorTest"/>
</testsuite> <!-- com.atmecs.falcon_web.demoblaze.testscript.NsmAnchorTest -->
